<?xml version="1.0" encoding="UTF-8"?>
<!-- Generated by org.testng.reporters.JUnitXMLReporter -->
<testsuite hostname="DESKTOP-5A78VGD" ignored="0" name="Login Test" tests="19" failures="1" timestamp="10 Nov 2019 10:00:08 GMT" time="602.972" errors="0">
  <testcase name="signOnTest" time="1.323" classname="com.POM.signOnTest"/>
  <testcase name="RegisterTest" time="1.238" classname="com.POM.signOnTest"/>
  <testcase name="SupportTest" time="1.289" classname="com.POM.signOnTest"/>
  <testcase name="ContactTest" time="1.231" classname="com.POM.signOnTest"/>
  <testcase name="Hometest" time="1.215" classname="com.POM.signOnTest"/>
  <testcase name="FlightsTest" time="1.592" classname="com.POM.signOnTest"/>
  <testcase name="HotelsTest" time="1.268" classname="com.POM.signOnTest"/>
  <testcase name="CarRentalsTest" time="1.203" classname="com.POM.signOnTest"/>
  <testcase name="CruisesTest" time="1.415" classname="com.POM.signOnTest"/>
  <testcase name="DestinationsTest" time="1.236" classname="com.POM.signOnTest"/>
  <testcase name="Vacations1Test" time="1.272" classname="com.POM.signOnTest"/>
  <testcase name="userLoginTest" time="338.239" classname="com.POM.signOnTest">
    <failure type="org.openqa.selenium.TimeoutException" message="timeout
  (Session info: chrome=78.0.3904.87)
Build info: version: &amp;apos;3.141.59&amp;apos;, revision: &amp;apos;e82be7d358&amp;apos;, time: &amp;apos;2018-11-14T08:25:53&amp;apos;
System info: host: &amp;apos;DESKTOP-5A78VGD&amp;apos;, ip: &amp;apos;192.168.0.101&amp;apos;, os.name: &amp;apos;Windows 10&amp;apos;, os.arch: &amp;apos;amd64&amp;apos;, os.version: &amp;apos;10.0&amp;apos;, java.version: &amp;apos;1.8.0_231&amp;apos;
Driver info: org.openqa.selenium.chrome.ChromeDriver
Capabilities {acceptInsecureCerts: false, browserName: chrome, browserVersion: 78.0.3904.87, chrome: {chromedriverVersion: 77.0.3865.40 (f484704e052e0..., userDataDir: C:\Users\mateen\AppData\Loc...}, goog:chromeOptions: {debuggerAddress: localhost:62703}, javascriptEnabled: true, networkConnectionEnabled: false, pageLoadStrategy: normal, platform: XP, platformName: XP, proxy: Proxy(), setWindowRect: true, strictFileInteractability: false, timeouts: {implicit: 0, pageLoad: 300000, script: 30000}, unhandledPromptBehavior: dismiss and notify}
Session ID: 5b7d7f6c6ad6b6c47b74c958a9a3ba4c">
      <![CDATA[org.openqa.selenium.TimeoutException: timeout
  (Session info: chrome=78.0.3904.87)
Build info: version: '3.141.59', revision: 'e82be7d358', time: '2018-11-14T08:25:53'
System info: host: 'DESKTOP-5A78VGD', ip: '192.168.0.101', os.name: 'Windows 10', os.arch: 'amd64', os.version: '10.0', java.version: '1.8.0_231'
Driver info: org.openqa.selenium.chrome.ChromeDriver
Capabilities {acceptInsecureCerts: false, browserName: chrome, browserVersion: 78.0.3904.87, chrome: {chromedriverVersion: 77.0.3865.40 (f484704e052e0..., userDataDir: C:\Users\mateen\AppData\Loc...}, goog:chromeOptions: {debuggerAddress: localhost:62703}, javascriptEnabled: true, networkConnectionEnabled: false, pageLoadStrategy: normal, platform: XP, platformName: XP, proxy: Proxy(), setWindowRect: true, strictFileInteractability: false, timeouts: {implicit: 0, pageLoad: 300000, script: 30000}, unhandledPromptBehavior: dismiss and notify}
Session ID: 5b7d7f6c6ad6b6c47b74c958a9a3ba4c
at org.openqa.selenium.remote.http.W3CHttpResponseCodec.createException(W3CHttpResponseCodec.java:187)
at org.openqa.selenium.remote.http.W3CHttpResponseCodec.decode(W3CHttpResponseCodec.java:122)
at org.openqa.selenium.remote.http.W3CHttpResponseCodec.decode(W3CHttpResponseCodec.java:49)
at org.openqa.selenium.remote.HttpCommandExecutor.execute(HttpCommandExecutor.java:158)
at org.openqa.selenium.remote.service.DriverCommandExecutor.execute(DriverCommandExecutor.java:83)
at org.openqa.selenium.remote.RemoteWebDriver.execute(RemoteWebDriver.java:552)
at org.openqa.selenium.remote.RemoteWebElement.execute(RemoteWebElement.java:285)
at org.openqa.selenium.remote.RemoteWebElement.click(RemoteWebElement.java:84)
at org.openqa.selenium.support.pagefactory.internal.LocatingElementHandler.invoke(LocatingElementHandler.java:51)
at com.sun.proxy.$Proxy9.click(Unknown Source)
at com.POM.LogInPage.userLogin(LogInPage.java:110)
at com.POM.signOnTest.userLoginTest(signOnTest.java:118)
... Removed 33 stack frames]]>
    </failure>
  </testcase> <!-- userLoginTest -->
  <testcase name="SpecialsTest" time="0.128" classname="com.POM.signOnTest"/>
  <testcase name="TourTipsTest" time="0.047" classname="com.POM.signOnTest"/>
  <testcase name="DestinationTest" time="1.212" classname="com.POM.signOnTest"/>
  <testcase name="VacationsTest" time="1.202" classname="com.POM.signOnTest"/>
  <testcase name="RegisterhereTest" time="1.24" classname="com.POM.signOnTest"/>
  <testcase name="BusinessTravelLinkTest" time="0.309" classname="com.POM.signOnTest"/>
  <testcase name="SalonTest" time="1.323" classname="com.POM.signOnTest"/>
</testsuite> <!-- Login Test -->
